<?xml version="1.0" encoding="UTF-8"?>
<coverage generated="1645687448051" clover="3.2.0">
  <project timestamp="1645687448051" name="All files">
    <metrics statements="29" coveredstatements="20" conditionals="14" coveredconditionals="8" methods="6" coveredmethods="6" elements="49" coveredelements="34" complexity="0" loc="29" ncloc="29" packages="1" files="1" classes="1"/>
    <file name="HelloWorld.tsx" path="/Users/akki/Desktop/hello-world/src/components/HelloWorld.tsx">
      <metrics statements="29" coveredstatements="20" conditionals="14" coveredconditionals="8" methods="6" coveredmethods="6"/>
      <line num="5" count="1" type="stmt"/>
      <line num="6" count="3" type="stmt"/>
      <line num="7" count="3" type="stmt"/>
      <line num="9" count="3" type="stmt"/>
      <line num="10" count="1" type="stmt"/>
      <line num="11" count="1" type="stmt"/>
      <line num="12" count="1" type="stmt"/>
      <line num="15" count="3" type="stmt"/>
      <line num="16" count="1" type="stmt"/>
      <line num="17" count="1" type="cond" truecount="1" falsecount="1"/>
      <line num="18" count="1" type="stmt"/>
      <line num="24" count="0" type="stmt"/>
      <line num="27" count="0" type="stmt"/>
      <line num="30" count="3" type="stmt"/>
      <line num="31" count="1" type="stmt"/>
      <line num="32" count="1" type="stmt"/>
      <line num="33" count="1" type="stmt"/>
      <line num="34" count="0" type="cond" truecount="0" falsecount="2"/>
      <line num="35" count="0" type="stmt"/>
      <line num="36" count="0" type="stmt"/>
      <line num="37" count="0" type="cond" truecount="0" falsecount="2"/>
      <line num="38" count="0" type="stmt"/>
      <line num="40" count="0" type="stmt"/>
      <line num="43" count="0" type="stmt"/>
      <line num="46" count="3" type="stmt"/>
      <line num="47" count="2" type="cond" truecount="2" falsecount="0"/>
      <line num="48" count="1" type="stmt"/>
      <line num="52" count="3" type="stmt"/>
      <line num="56" count="1" type="stmt"/>
    </file>
  </project>
</coverage>
