{"/Users/surendra/Desktop/hello-world/src/components/HelloWorld.tsx": {"path":"/Users/surendra/Desktop/hello-world/src/components/HelloWorld.tsx","statementMap":{"0":{"start":{"line":5,"column":29},"end":{"line":99,"column":1}},"1":{"start":{"line":6,"column":26},"end":{"line":6,"column":45}},"2":{"start":{"line":7,"column":38},"end":{"line":7,"column":58}},"3":{"start":{"line":9,"column":23},"end":{"line":13,"column":3}},"4":{"start":{"line":10,"column":18},"end":{"line":10,"column":34}},"5":{"start":{"line":11,"column":4},"end":{"line":11,"column":19}},"6":{"start":{"line":12,"column":4},"end":{"line":12,"column":31}},"7":{"start":{"line":15,"column":19},"end":{"line":32,"column":3}},"8":{"start":{"line":16,"column":4},"end":{"line":31,"column":5}},"9":{"start":{"line":17,"column":6},"end":{"line":28,"column":7}},"10":{"start":{"line":18,"column":25},"end":{"line":26,"column":9}},"11":{"start":{"line":27,"column":8},"end":{"line":27,"column":24}},"12":{"start":{"line":30,"column":6},"end":{"line":30,"column":19}},"13":{"start":{"line":33,"column":28},"end":{"line":48,"column":3}},"14":{"start":{"line":34,"column":4},"end":{"line":34,"column":29}},"15":{"start":{"line":35,"column":4},"end":{"line":47,"column":5}},"16":{"start":{"line":36,"column":23},"end":{"line":36,"column":39}},"17":{"start":{"line":37,"column":6},"end":{"line":44,"column":7}},"18":{"start":{"line":38,"column":20},"end":{"line":38,"column":42}},"19":{"start":{"line":39,"column":20},"end":{"line":39,"column":46}},"20":{"start":{"line":40,"column":8},"end":{"line":42,"column":9}},"21":{"start":{"line":41,"column":10},"end":{"line":41,"column":36}},"22":{"start":{"line":43,"column":8},"end":{"line":43,"column":19}},"23":{"start":{"line":46,"column":6},"end":{"line":46,"column":19}},"24":{"start":{"line":49,"column":2},"end":{"line":53,"column":13}},"25":{"start":{"line":50,"column":4},"end":{"line":52,"column":5}},"26":{"start":{"line":51,"column":6},"end":{"line":51,"column":26}},"27":{"start":{"line":55,"column":2},"end":{"line":98,"column":4}},"28":{"start":{"line":76,"column":27},"end":{"line":76,"column":42}}},"fnMap":{"0":{"name":"(anonymous_0)","decl":{"start":{"line":5,"column":29},"end":{"line":5,"column":30}},"loc":{"start":{"line":5,"column":35},"end":{"line":99,"column":1}},"line":5},"1":{"name":"(anonymous_1)","decl":{"start":{"line":9,"column":23},"end":{"line":9,"column":24}},"loc":{"start":{"line":9,"column":73},"end":{"line":13,"column":3}},"line":9},"2":{"name":"(anonymous_2)","decl":{"start":{"line":15,"column":19},"end":{"line":15,"column":20}},"loc":{"start":{"line":15,"column":31},"end":{"line":32,"column":3}},"line":15},"3":{"name":"(anonymous_3)","decl":{"start":{"line":33,"column":28},"end":{"line":33,"column":29}},"loc":{"start":{"line":33,"column":40},"end":{"line":48,"column":3}},"line":33},"4":{"name":"(anonymous_4)","decl":{"start":{"line":49,"column":12},"end":{"line":49,"column":13}},"loc":{"start":{"line":49,"column":18},"end":{"line":53,"column":3}},"line":49},"5":{"name":"(anonymous_5)","decl":{"start":{"line":76,"column":20},"end":{"line":76,"column":21}},"loc":{"start":{"line":76,"column":27},"end":{"line":76,"column":42}},"line":76}},"branchMap":{"0":{"loc":{"start":{"line":17,"column":6},"end":{"line":28,"column":7}},"type":"if","locations":[{"start":{"line":17,"column":6},"end":{"line":28,"column":7}},{"start":{"line":17,"column":6},"end":{"line":28,"column":7}}],"line":17},"1":{"loc":{"start":{"line":37,"column":6},"end":{"line":44,"column":7}},"type":"if","locations":[{"start":{"line":37,"column":6},"end":{"line":44,"column":7}},{"start":{"line":37,"column":6},"end":{"line":44,"column":7}}],"line":37},"2":{"loc":{"start":{"line":40,"column":8},"end":{"line":42,"column":9}},"type":"if","locations":[{"start":{"line":40,"column":8},"end":{"line":42,"column":9}},{"start":{"line":40,"column":8},"end":{"line":42,"column":9}}],"line":40},"3":{"loc":{"start":{"line":50,"column":4},"end":{"line":52,"column":5}},"type":"if","locations":[{"start":{"line":50,"column":4},"end":{"line":52,"column":5}},{"start":{"line":50,"column":4},"end":{"line":52,"column":5}}],"line":50},"4":{"loc":{"start":{"line":78,"column":15},"end":{"line":78,"column":35}},"type":"binary-expr","locations":[{"start":{"line":78,"column":15},"end":{"line":78,"column":19}},{"start":{"line":78,"column":23},"end":{"line":78,"column":35}}],"line":78},"5":{"loc":{"start":{"line":82,"column":9},"end":{"line":95,"column":9}},"type":"cond-expr","locations":[{"start":{"line":83,"column":10},"end":{"line":90,"column":18}},{"start":{"line":91,"column":12},"end":{"line":95,"column":9}}],"line":82},"6":{"loc":{"start":{"line":91,"column":12},"end":{"line":95,"column":9}},"type":"cond-expr","locations":[{"start":{"line":92,"column":10},"end":{"line":92,"column":30}},{"start":{"line":94,"column":10},"end":{"line":94,"column":12}}],"line":91}},"s":{"0":1,"1":3,"2":3,"3":3,"4":1,"5":1,"6":1,"7":3,"8":1,"9":1,"10":1,"11":0,"12":0,"13":3,"14":1,"15":1,"16":1,"17":0,"18":0,"19":0,"20":0,"21":0,"22":0,"23":0,"24":3,"25":2,"26":1,"27":3,"28":1},"f":{"0":3,"1":1,"2":1,"3":1,"4":2,"5":1},"b":{"0":[1,0],"1":[0,0],"2":[0,0],"3":[1,1],"4":[3,2],"5":[0,3],"6":[1,2]},"_coverageSchema":"43e27e138ebf9cfc5966b082cf9a028302ed4184","hash":"0434e96f0cc6e89ba3a88d6b796a3e5cc2769ab5"}
}
