TN:
SF:/Users/surendra/Desktop/hello-world/src/components/HelloWorld.tsx
FN:5,(anonymous_0)
FN:9,(anonymous_1)
FN:15,(anonymous_2)
FN:33,(anonymous_3)
FN:49,(anonymous_4)
FN:76,(anonymous_5)
FNF:6
FNH:6
FNDA:3,(anonymous_0)
FNDA:1,(anonymous_1)
FNDA:1,(anonymous_2)
FNDA:1,(anonymous_3)
FNDA:2,(anonymous_4)
FNDA:1,(anonymous_5)
DA:5,1
DA:6,3
DA:7,3
DA:9,3
DA:10,1
DA:11,1
DA:12,1
DA:15,3
DA:16,1
DA:17,1
DA:18,1
DA:27,0
DA:30,0
DA:33,3
DA:34,1
DA:35,1
DA:36,1
DA:37,0
DA:38,0
DA:39,0
DA:40,0
DA:41,0
DA:43,0
DA:46,0
DA:49,3
DA:50,2
DA:51,1
DA:55,3
DA:76,1
LF:29
LH:20
BRDA:17,0,0,1
BRDA:17,0,1,0
BRDA:37,1,0,0
BRDA:37,1,1,0
BRDA:40,2,0,0
BRDA:40,2,1,0
BRDA:50,3,0,1
BRDA:50,3,1,1
BRDA:78,4,0,3
BRDA:78,4,1,2
BRDA:82,5,0,0
BRDA:82,5,1,3
BRDA:91,6,0,1
BRDA:91,6,1,2
BRF:14
BRH:8
end_of_record
