TN:
SF:/Users/akki/Desktop/hello-world/src/components/HelloWorld.tsx
FN:5,(anonymous_0)
FN:9,(anonymous_1)
FN:15,(anonymous_2)
FN:30,(anonymous_3)
FN:46,(anonymous_4)
FN:56,(anonymous_5)
FNF:6
FNH:6
FNDA:3,(anonymous_0)
FNDA:1,(anonymous_1)
FNDA:1,(anonymous_2)
FNDA:1,(anonymous_3)
FNDA:2,(anonymous_4)
FNDA:1,(anonymous_5)
DA:5,1
DA:6,3
DA:7,3
DA:9,3
DA:10,1
DA:11,1
DA:12,1
DA:15,3
DA:16,1
DA:17,1
DA:18,1
DA:24,0
DA:27,0
DA:30,3
DA:31,1
DA:32,1
DA:33,1
DA:34,0
DA:35,0
DA:36,0
DA:37,0
DA:38,0
DA:40,0
DA:43,0
DA:46,3
DA:47,2
DA:48,1
DA:52,3
DA:56,1
LF:29
LH:20
BRDA:17,0,0,1
BRDA:17,0,1,0
BRDA:34,1,0,0
BRDA:34,1,1,0
BRDA:37,2,0,0
BRDA:37,2,1,0
BRDA:47,3,0,1
BRDA:47,3,1,1
BRDA:57,4,0,3
BRDA:57,4,1,2
BRDA:61,5,0,0
BRDA:61,5,1,3
BRDA:65,6,0,1
BRDA:65,6,1,2
BRF:14
BRH:8
end_of_record
