{
  "stats": {
    "suites": 1,
    "tests": 2,
    "passes": 2,
    "pending": 0,
    "failures": 0,
    "start": "2022-02-23T08:24:27.388Z",
    "end": "2022-02-23T08:24:39.233Z",
    "duration": 11845,
    "testsRegistered": 2,
    "passPercent": 100,
    "pendingPercent": 0,
    "other": 0,
    "hasOther": false,
    "skipped": 0,
    "hasSkipped": false
  },
  "results": [
    {
      "uuid": "22c475b8-bdce-450a-a078-0457d3981a23",
      "title": "",
      "fullFile": "cypress/integration/helloworld.test.ts",
      "file": "cypress/integration/helloworld.test.ts",
      "beforeHooks": [],
      "afterHooks": [],
      "tests": [],
      "suites": [
        {
          "uuid": "caded398-542e-4167-8032-e5b7641bb4e4",
          "title": "My First Test",
          "fullFile": "",
          "file": "",
          "beforeHooks": [],
          "afterHooks": [],
          "tests": [
            {
              "title": "Should render hello world",
              "fullTitle": "My First Test Should render hello world",
              "timedOut": null,
              "duration": 3082,
              "state": "passed",
              "speed": "fast",
              "pass": true,
              "fail": false,
              "pending": false,
              "context": null,
              "code": "cy.contains('Hello world');",
              "err": {},
              "uuid": "49dfec1f-bcf8-4dfc-8a8b-6afabb0f18c1",
              "parentUUID": "caded398-542e-4167-8032-e5b7641bb4e4",
              "isHook": false,
              "skipped": false
            },
            {
              "title": "File Upload using cypress-file-upload npm package",
              "fullTitle": "My First Test File Upload using cypress-file-upload npm package",
              "timedOut": null,
              "duration": 5673,
              "state": "passed",
              "speed": "medium",
              "pass": true,
              "fail": false,
              "pending": false,
              "context": null,
              "code": "var filepath = '../fixtures/example.jpg';\ncy.get('input[type=\"file\"]').attachFile(filepath);\n// cy.get('#file-submit').click()\ncy.get('.MuiAlert-message', { timeout: 8000 }).should('have.text', 'File Uploaded Successfully');",
              "err": {},
              "uuid": "6ae72dc3-612d-46ca-9ca6-2b6f32018c17",
              "parentUUID": "caded398-542e-4167-8032-e5b7641bb4e4",
              "isHook": false,
              "skipped": false
            }
          ],
          "suites": [],
          "passes": [
            "49dfec1f-bcf8-4dfc-8a8b-6afabb0f18c1",
            "6ae72dc3-612d-46ca-9ca6-2b6f32018c17"
          ],
          "failures": [],
          "pending": [],
          "skipped": [],
          "duration": 8755,
          "root": false,
          "rootEmpty": false,
          "_timeout": 2000
        }
      ],
      "passes": [],
      "failures": [],
      "pending": [],
      "skipped": [],
      "duration": 0,
      "root": true,
      "rootEmpty": true,
      "_timeout": 2000
    }
  ],
  "meta": {
    "mocha": {
      "version": "7.0.1"
    },
    "mochawesome": {
      "options": {
        "quiet": false,
        "reportFilename": "mochawesome",
        "saveHtml": true,
        "saveJson": true,
        "consoleReporter": "spec",
        "useInlineDiffs": false,
        "code": true
      },
      "version": "7.0.1"
    },
    "marge": {
      "options": null,
      "version": "6.0.1"
    }
  }
}
